{"total": {"lines":{"total":14,"covered":11,"skipped":0,"pct":78.57},"statements":{"total":14,"covered":11,"skipped":0,"pct":78.57},"functions":{"total":3,"covered":3,"skipped":0,"pct":100},"branches":{"total":12,"covered":7,"skipped":0,"pct":58.33},"branchesTrue":{"total":0,"covered":0,"skipped":0,"pct":"Unknown"}}
,"/home/runner/work/whereis/whereis/index.js": {"lines":{"total":14,"covered":11,"skipped":0,"pct":78.57},"functions":{"total":3,"covered":3,"skipped":0,"pct":100},"statements":{"total":14,"covered":11,"skipped":0,"pct":78.57},"branches":{"total":12,"covered":7,"skipped":0,"pct":58.33}}
}
